Using pre-set license
Built from '2021.3/staging' branch; Version is '2021.3.26f1 (a16dc32e0ff2) revision 10579395'; Using compiler version '192829333'; Build Type 'Release'
OS: 'Windows 10  (10.0.19045) 64bit Education' Language: 'tr' Physical Memory: 16225 MB
BatchMode: 1, IsHumanControllingUs: 0, StartBugReporterOnCrash: 0, Is64bit: 1, IsPro: 1

COMMAND LINE ARGUMENTS:
C:\Program Files\Unity\Hub\Editor\2021.3.26f1\Editor\Unity.exe
-adb2
-batchMode
-noUpm
-name
AssetImportWorker0
-projectPath
C:/Users/Harun Serkan Metin/Desktop/Odev2/Bil424Odev2/Odev2
-logFile
Logs/AssetImportWorker0.log
-srvPort
51628
Successfully changed project path to: C:/Users/Harun Serkan Metin/Desktop/Odev2/Bil424Odev2/Odev2
C:/Users/Harun Serkan Metin/Desktop/Odev2/Bil424Odev2/Odev2
[UnityMemory] Configuration Parameters - Can be set up in boot.config
    "memorysetup-bucket-allocator-granularity=16"
    "memorysetup-bucket-allocator-bucket-count=8"
    "memorysetup-bucket-allocator-block-size=33554432"
    "memorysetup-bucket-allocator-block-count=8"
    "memorysetup-main-allocator-block-size=16777216"
    "memorysetup-thread-allocator-block-size=16777216"
    "memorysetup-gfx-main-allocator-block-size=16777216"
    "memorysetup-gfx-thread-allocator-block-size=16777216"
    "memorysetup-cache-allocator-block-size=4194304"
    "memorysetup-typetree-allocator-block-size=2097152"
    "memorysetup-profiler-bucket-allocator-granularity=16"
    "memorysetup-profiler-bucket-allocator-bucket-count=8"
    "memorysetup-profiler-bucket-allocator-block-size=33554432"
    "memorysetup-profiler-bucket-allocator-block-count=8"
    "memorysetup-profiler-allocator-block-size=16777216"
    "memorysetup-profiler-editor-allocator-block-size=1048576"
    "memorysetup-temp-allocator-size-main=16777216"
    "memorysetup-job-temp-allocator-block-size=2097152"
    "memorysetup-job-temp-allocator-block-size-background=1048576"
    "memorysetup-job-temp-allocator-reduction-small-platforms=262144"
    "memorysetup-temp-allocator-size-background-worker=32768"
    "memorysetup-temp-allocator-size-job-worker=262144"
    "memorysetup-temp-allocator-size-preload-manager=33554432"
    "memorysetup-temp-allocator-size-nav-mesh-worker=65536"
    "memorysetup-temp-allocator-size-audio-worker=65536"
    "memorysetup-temp-allocator-size-cloud-worker=32768"
    "memorysetup-temp-allocator-size-gi-baking-worker=262144"
    "memorysetup-temp-allocator-size-gfx=262144"
Player connection [6464] Host "[IP] 10.3.192.79 [Port] 0 [Flags] 2 [Guid] 409638763 [EditorId] 409638763 [Version] 1048832 [Id] WindowsEditor(7,DESKTOP-I33TFN3) [Debug] 1 [PackageName] WindowsEditor [ProjectName] Editor" joined multi-casting on [225.0.0.222:54997]...

Player connection [6464] Host "[IP] 10.3.192.79 [Port] 0 [Flags] 2 [Guid] 409638763 [EditorId] 409638763 [Version] 1048832 [Id] WindowsEditor(7,DESKTOP-I33TFN3) [Debug] 1 [PackageName] WindowsEditor [ProjectName] Editor" joined alternative multi-casting on [225.0.0.222:34997]...

Refreshing native plugins compatible for Editor in 69.76 ms, found 3 plugins.
Preloading 0 native plugins for Editor in 0.00 ms.
Initialize engine version: 2021.3.26f1 (a16dc32e0ff2)
[Subsystems] Discovering subsystems at path C:/Program Files/Unity/Hub/Editor/2021.3.26f1/Editor/Data/Resources/UnitySubsystems
[Subsystems] Discovering subsystems at path C:/Users/Harun Serkan Metin/Desktop/Odev2/Bil424Odev2/Odev2/Assets
GfxDevice: creating device client; threaded=0; jobified=0
Direct3D:
    Version:  Direct3D 11.0 [level 11.1]
    Renderer: NVIDIA GeForce GTX 1650 (ID=0x1f91)
    Vendor:   NVIDIA
    VRAM:     3962 MB
    Driver:   30.0.15.1278
Initialize mono
Mono path[0] = 'C:/Program Files/Unity/Hub/Editor/2021.3.26f1/Editor/Data/Managed'
Mono path[1] = 'C:/Program Files/Unity/Hub/Editor/2021.3.26f1/Editor/Data/MonoBleedingEdge/lib/mono/unityjit-win32'
Mono config path = 'C:/Program Files/Unity/Hub/Editor/2021.3.26f1/Editor/Data/MonoBleedingEdge/etc'
Using monoOptions --debugger-agent=transport=dt_socket,embedding=1,server=y,suspend=n,address=127.0.0.1:56920
Begin MonoManager ReloadAssembly
Registering precompiled unity dll's ...
Register platform support module: C:/Program Files/Unity/Hub/Editor/2021.3.26f1/Editor/Data/PlaybackEngines/AndroidPlayer/UnityEditor.Android.Extensions.dll
Register platform support module: C:/Program Files/Unity/Hub/Editor/2021.3.26f1/Editor/Data/PlaybackEngines/WindowsStandaloneSupport/UnityEditor.WindowsStandalone.Extensions.dll
Registered in 0.007717 seconds.
Native extension for WindowsStandalone target not found
Native extension for Android target not found
Android Extension - Scanning For ADB Devices 259 ms
Refreshing native plugins compatible for Editor in 68.63 ms, found 3 plugins.
Preloading 0 native plugins for Editor in 0.00 ms.
Mono: successfully reloaded assembly
- Completed reload, in  0.971 seconds
Domain Reload Profiling:
	ReloadAssembly (971ms)
		BeginReloadAssembly (100ms)
			ExecutionOrderSort (0ms)
			DisableScriptedObjects (0ms)
			BackupInstance (0ms)
			ReleaseScriptingObjects (0ms)
			CreateAndSetChildDomain (1ms)
		EndReloadAssembly (757ms)
			LoadAssemblies (98ms)
			RebuildTransferFunctionScriptingTraits (0ms)
			SetupTypeCache (116ms)
			ReleaseScriptCaches (0ms)
			RebuildScriptCaches (30ms)
			SetupLoadedEditorAssemblies (561ms)
				LogAssemblyErrors (0ms)
				InitializePlatformSupportModulesInManaged (361ms)
				SetLoadedEditorAssemblies (0ms)
				RefreshPlugins (69ms)
				BeforeProcessingInitializeOnLoad (1ms)
				ProcessInitializeOnLoadAttributes (86ms)
				ProcessInitializeOnLoadMethodAttributes (43ms)
				AfterProcessingInitializeOnLoad (0ms)
				EditorAssembliesLoaded (0ms)
			ExecutionOrderSort2 (0ms)
			AwakeInstancesAfterBackupRestoration (0ms)
Platform modules already initialized, skipping
Registering precompiled user dll's ...
Registered in 0.004904 seconds.
Begin MonoManager ReloadAssembly
Symbol file LoadedFromMemory doesn't match image C:\Users\Harun Serkan Metin\Desktop\Odev2\Bil424Odev2\Odev2\Library\PackageCache\com.unity.visualscripting@1.8.0\Editor\VisualScripting.Core\Dependencies\YamlDotNet\Unity.VisualScripting.YamlDotNet.dll
Symbol file LoadedFromMemory doesn't match image C:\Users\Harun Serkan Metin\Desktop\Odev2\Bil424Odev2\Odev2\Library\PackageCache\com.unity.visualscripting@1.8.0\Editor\VisualScripting.Core\Dependencies\DotNetZip\Unity.VisualScripting.IonicZip.dll
Native extension for WindowsStandalone target not found
Native extension for Android target not found
Refreshing native plugins compatible for Editor in 0.44 ms, found 3 plugins.
Preloading 0 native plugins for Editor in 0.00 ms.
Mono: successfully reloaded assembly
- Completed reload, in  1.085 seconds
Domain Reload Profiling:
	ReloadAssembly (1086ms)
		BeginReloadAssembly (119ms)
			ExecutionOrderSort (0ms)
			DisableScriptedObjects (6ms)
			BackupInstance (0ms)
			ReleaseScriptingObjects (0ms)
			CreateAndSetChildDomain (19ms)
		EndReloadAssembly (852ms)
			LoadAssemblies (90ms)
			RebuildTransferFunctionScriptingTraits (0ms)
			SetupTypeCache (317ms)
			ReleaseScriptCaches (1ms)
			RebuildScriptCaches (57ms)
			SetupLoadedEditorAssemblies (355ms)
				LogAssemblyErrors (0ms)
				InitializePlatformSupportModulesInManaged (20ms)
				SetLoadedEditorAssemblies (0ms)
				RefreshPlugins (1ms)
				BeforeProcessingInitializeOnLoad (98ms)
				ProcessInitializeOnLoadAttributes (208ms)
				ProcessInitializeOnLoadMethodAttributes (19ms)
				AfterProcessingInitializeOnLoad (8ms)
				EditorAssembliesLoaded (0ms)
			ExecutionOrderSort2 (0ms)
			AwakeInstancesAfterBackupRestoration (6ms)
Platform modules already initialized, skipping
========================================================================
Worker process is ready to serve import requests
Launched and connected shader compiler UnityShaderCompiler.exe after 0.04 seconds
Refreshing native plugins compatible for Editor in 0.45 ms, found 3 plugins.
Preloading 0 native plugins for Editor in 0.00 ms.
Unloading 3052 Unused Serialized files (Serialized files now loaded: 0)
Unloading 22 unused Assets / (284.4 KB). Loaded Objects now: 3517.
Memory consumption went from 112.4 MB to 112.1 MB.
Total: 4.829200 ms (FindLiveObjects: 0.246300 ms CreateObjectMapping: 0.195600 ms MarkObjects: 4.311400 ms  DeleteObjects: 0.075000 ms)

AssetImportParameters requested are different than current active one (requested -> active):
  custom:video-decoder-ogg-theora: a1e56fd34408186e4bbccfd4996cb3dc -> 
  custom:container-muxer-webm: aa71ff27fc2769a1b78a27578f13a17b -> 
  custom:container-demuxer-webm: 4f35f7cbe854078d1ac9338744f61a02 -> 
  custom:video-encoder-webm-vp8: eb34c28f22e8b96e1ab97ce403110664 -> 
  custom:audio-encoder-webm-vorbis: bf7c407c2cedff20999df2af8eb42d56 -> 
  custom:framework-win-MediaFoundation: 216162199b28c13a410421893ffa2e32 -> 
  custom:container-demuxer-ogg: 62fdf1f143b41e24485cea50d1cbac27 -> 
  custom:video-decoder-webm-vp8: 9c59270c3fd7afecdb556c50c9e8de78 -> 
  custom:audio-decoder-ogg-vorbis: bf7c407c2cedff20999df2af8eb42d56 -> 
========================================================================
Received Import Request.
  Time since last request: 1152.242921 seconds.
  path: Assets/Scenes/StartScene.unity
  artifactKey: Guid(9fc0d4010bbf28b4594072e72b8655ab) Importer(815301076,1909f56bfc062723c751e8b465ee728b)
Start importing Assets/Scenes/StartScene.unity using Guid(9fc0d4010bbf28b4594072e72b8655ab) Importer(815301076,1909f56bfc062723c751e8b465ee728b)  -> (artifact id: 'c1f1470a0e64968440ed93965cfc01dc') in 0.016154 seconds 
========================================================================
Received Import Request.
  Time since last request: 7.230289 seconds.
  path: Assets/Scenes/New Scene.unity
  artifactKey: Guid(5c56ba8ded791bc4794166da69402240) Importer(815301076,1909f56bfc062723c751e8b465ee728b)
Start importing Assets/Scenes/New Scene.unity using Guid(5c56ba8ded791bc4794166da69402240) Importer(815301076,1909f56bfc062723c751e8b465ee728b)  -> (artifact id: 'ee3d0c67003dddacd1406487b35267d2') in 0.013000 seconds 
========================================================================
Received Import Request.
  Time since last request: 4.269655 seconds.
  path: Assets/Scenes/GameScene.unity
  artifactKey: Guid(5c56ba8ded791bc4794166da69402240) Importer(815301076,1909f56bfc062723c751e8b465ee728b)
Start importing Assets/Scenes/GameScene.unity using Guid(5c56ba8ded791bc4794166da69402240) Importer(815301076,1909f56bfc062723c751e8b465ee728b)  -> (artifact id: '70fa8496d74df9b0b0a6821e15f7cb79') in 0.010258 seconds 
========================================================================
Received Import Request.
  Time since last request: 1.165620 seconds.
  path: Assets/Scenes/StartScene.unity
  artifactKey: Guid(9fc0d4010bbf28b4594072e72b8655ab) Importer(815301076,1909f56bfc062723c751e8b465ee728b)
Start importing Assets/Scenes/StartScene.unity using Guid(9fc0d4010bbf28b4594072e72b8655ab) Importer(815301076,1909f56bfc062723c751e8b465ee728b)  -> (artifact id: '20efb4ab822759ce1135775f0aeab5f4') in 0.001784 seconds 
========================================================================
Received Import Request.
  Time since last request: 10.906329 seconds.
  path: Assets/Scenes/FinishScene.unity
  artifactKey: Guid(6d95118f3c2c512499d681f7f90e840d) Importer(815301076,1909f56bfc062723c751e8b465ee728b)
Start importing Assets/Scenes/FinishScene.unity using Guid(6d95118f3c2c512499d681f7f90e840d) Importer(815301076,1909f56bfc062723c751e8b465ee728b)  -> (artifact id: 'f00ba110fe492a9d6866d851fdcfafe4') in 0.010674 seconds 
========================================================================
Received Import Request.
  Time since last request: 520.560094 seconds.
  path: Assets/UI Sources/Sci-Fi UI (Use Photoshop).psd
  artifactKey: Guid(4ba862091862b064583022c91b56463d) Importer(815301076,1909f56bfc062723c751e8b465ee728b)
Start importing Assets/UI Sources/Sci-Fi UI (Use Photoshop).psd using Guid(4ba862091862b064583022c91b56463d) Importer(815301076,1909f56bfc062723c751e8b465ee728b)  -> (artifact id: 'aa7fc7e9defc953f772e60178501babb') in 0.079161 seconds 
========================================================================
Received Import Request.
  Time since last request: 0.765291 seconds.
  path: Assets/UI Sources/Elements/ArrowLeft.png
  artifactKey: Guid(8deff47cc3a8ab14da468e3a41c0c97e) Importer(815301076,1909f56bfc062723c751e8b465ee728b)
Start importing Assets/UI Sources/Elements/ArrowLeft.png using Guid(8deff47cc3a8ab14da468e3a41c0c97e) Importer(815301076,1909f56bfc062723c751e8b465ee728b)  -> (artifact id: '8e0027b58d8367ed421938f07c006f54') in 0.049457 seconds 
========================================================================
Received Import Request.
  Time since last request: 0.000023 seconds.
  path: Assets/UI Sources/Elements/IconD01.png
  artifactKey: Guid(dc8a342d3073a69449a123acb3f62c52) Importer(815301076,1909f56bfc062723c751e8b465ee728b)
Start importing Assets/UI Sources/Elements/IconD01.png using Guid(dc8a342d3073a69449a123acb3f62c52) Importer(815301076,1909f56bfc062723c751e8b465ee728b)  -> (artifact id: '89d108cfb999a69f95018cf3f342da78') in 0.020558 seconds 
========================================================================
Received Import Request.
  Time since last request: 0.000032 seconds.
  path: Assets/UI Sources/Elements/IconD11.png
  artifactKey: Guid(643336752d7180b4cb6d57442284015d) Importer(815301076,1909f56bfc062723c751e8b465ee728b)
Start importing Assets/UI Sources/Elements/IconD11.png using Guid(643336752d7180b4cb6d57442284015d) Importer(815301076,1909f56bfc062723c751e8b465ee728b)  -> (artifact id: '44960fa01cd8965b8e4f808a8f107992') in 0.017406 seconds 
========================================================================
Received Import Request.
  Time since last request: 0.000033 seconds.
  path: Assets/UI Sources/Elements/IconD03.png
  artifactKey: Guid(a8a711bcc04862041b5bfb2961312a58) Importer(815301076,1909f56bfc062723c751e8b465ee728b)
Start importing Assets/UI Sources/Elements/IconD03.png using Guid(a8a711bcc04862041b5bfb2961312a58) Importer(815301076,1909f56bfc062723c751e8b465ee728b)  -> (artifact id: 'e67e453eff22b02e843c386c8b863a73') in 0.021458 seconds 
========================================================================
Received Import Request.
  Time since last request: 0.000027 seconds.
  path: Assets/UI Sources/Elements/IconD04.png
  artifactKey: Guid(13856bee72dedde4aa90a1b6796d03da) Importer(815301076,1909f56bfc062723c751e8b465ee728b)
Start importing Assets/UI Sources/Elements/IconD04.png using Guid(13856bee72dedde4aa90a1b6796d03da) Importer(815301076,1909f56bfc062723c751e8b465ee728b)  -> (artifact id: 'e2ab4f275e39dacff8cf4f7830bf0955') in 0.018818 seconds 
========================================================================
Received Import Request.
  Time since last request: 0.000131 seconds.
  path: Assets/UI Sources/Elements/BlockInformation.png
  artifactKey: Guid(32bba7e09b0d3644a89eb5858cd5be3e) Importer(815301076,1909f56bfc062723c751e8b465ee728b)
Start importing Assets/UI Sources/Elements/BlockInformation.png using Guid(32bba7e09b0d3644a89eb5858cd5be3e) Importer(815301076,1909f56bfc062723c751e8b465ee728b)  -> (artifact id: '47b2abf97e5102bc6bd8d5866621ca77') in 0.019374 seconds 
========================================================================
Received Import Request.
  Time since last request: 0.000028 seconds.
  path: Assets/UI Sources/Elements/IconD07.png
  artifactKey: Guid(918b2512ca798af47b41e5821407c3e7) Importer(815301076,1909f56bfc062723c751e8b465ee728b)
Start importing Assets/UI Sources/Elements/IconD07.png using Guid(918b2512ca798af47b41e5821407c3e7) Importer(815301076,1909f56bfc062723c751e8b465ee728b)  -> (artifact id: '6db9beff2c98d9f3a11b1a6a19090f0e') in 0.020086 seconds 
========================================================================
Received Import Request.
  Time since last request: 0.000026 seconds.
  path: Assets/UI Sources/Elements/IconD13.png
  artifactKey: Guid(b7bf9efa2a01df84a969157fbae95c50) Importer(815301076,1909f56bfc062723c751e8b465ee728b)
Start importing Assets/UI Sources/Elements/IconD13.png using Guid(b7bf9efa2a01df84a969157fbae95c50) Importer(815301076,1909f56bfc062723c751e8b465ee728b)  -> (artifact id: 'd3766ef9d9fcafb9e78a2cbc956b9678') in 0.019660 seconds 
========================================================================
Received Import Request.
  Time since last request: 0.000031 seconds.
  path: Assets/UI Sources/Elements/IconD12.png
  artifactKey: Guid(3604be39a973e704cb1b6ea76a8b8e0c) Importer(815301076,1909f56bfc062723c751e8b465ee728b)
Start importing Assets/UI Sources/Elements/IconD12.png using Guid(3604be39a973e704cb1b6ea76a8b8e0c) Importer(815301076,1909f56bfc062723c751e8b465ee728b)  -> (artifact id: '0781f6411160cdf132f946c679d7e395') in 0.018762 seconds 
========================================================================
Received Import Request.
  Time since last request: 0.000024 seconds.
  path: Assets/UI Sources/Elements/IconD05.png
  artifactKey: Guid(15108705495289641a727da73993a30f) Importer(815301076,1909f56bfc062723c751e8b465ee728b)
Start importing Assets/UI Sources/Elements/IconD05.png using Guid(15108705495289641a727da73993a30f) Importer(815301076,1909f56bfc062723c751e8b465ee728b)  -> (artifact id: 'a682e798a3b281da1339d929337b1030') in 0.019649 seconds 
========================================================================
Received Import Request.
  Time since last request: 0.000034 seconds.
  path: Assets/UI Sources/Elements/IconD08.png
  artifactKey: Guid(e224ed852422981499c5a0f0d0d8e999) Importer(815301076,1909f56bfc062723c751e8b465ee728b)
Start importing Assets/UI Sources/Elements/IconD08.png using Guid(e224ed852422981499c5a0f0d0d8e999) Importer(815301076,1909f56bfc062723c751e8b465ee728b)  -> (artifact id: 'dbb494107d49f76440833ededcb96ffa') in 0.018819 seconds 
========================================================================
Received Import Request.
  Time since last request: 7.128331 seconds.
  path: Assets/UI Sources/СommonElement
  artifactKey: Guid(d4060858e6f9e6540991a680adeac9d0) Importer(815301076,1909f56bfc062723c751e8b465ee728b)
Start importing Assets/UI Sources/СommonElement using Guid(d4060858e6f9e6540991a680adeac9d0) Importer(815301076,1909f56bfc062723c751e8b465ee728b)  -> (artifact id: '0343a22af52d9044d1e598124997439e') in 0.011318 seconds 
========================================================================
Received Import Request.
  Time since last request: 0.032433 seconds.
  path: Assets/UI Sources/СommonElement/ArrowTop.png
  artifactKey: Guid(586ecdc7e7cbdd44c9316efe41c0b064) Importer(815301076,1909f56bfc062723c751e8b465ee728b)
Start importing Assets/UI Sources/СommonElement/ArrowTop.png using Guid(586ecdc7e7cbdd44c9316efe41c0b064) Importer(815301076,1909f56bfc062723c751e8b465ee728b)  -> (artifact id: 'b5ede1ac08b85541a417c9adaa98ffc9') in 0.019716 seconds 
========================================================================
Received Import Request.
  Time since last request: 0.000044 seconds.
  path: Assets/UI Sources/СommonElement/Icon01.png
  artifactKey: Guid(908f3d3d4e90ee44bb2d20dda09b6d6e) Importer(815301076,1909f56bfc062723c751e8b465ee728b)
Start importing Assets/UI Sources/СommonElement/Icon01.png using Guid(908f3d3d4e90ee44bb2d20dda09b6d6e) Importer(815301076,1909f56bfc062723c751e8b465ee728b)  -> (artifact id: '148efccaa832f8e1bd5738831ca07472') in 0.019422 seconds 
========================================================================
Received Import Request.
  Time since last request: 0.000025 seconds.
  path: Assets/UI Sources/СommonElement/ItemEnable.png
  artifactKey: Guid(decb2fdd807bc744c82e96b19d34cd74) Importer(815301076,1909f56bfc062723c751e8b465ee728b)
Start importing Assets/UI Sources/СommonElement/ItemEnable.png using Guid(decb2fdd807bc744c82e96b19d34cd74) Importer(815301076,1909f56bfc062723c751e8b465ee728b)  -> (artifact id: 'c7a511daadac8110707823d4f306cdc6') in 0.022377 seconds 
========================================================================
Received Import Request.
  Time since last request: 0.000025 seconds.
  path: Assets/UI Sources/СommonElement/Slider.png
  artifactKey: Guid(df8e0141310c82b40be2ca2f36de3e21) Importer(815301076,1909f56bfc062723c751e8b465ee728b)
Start importing Assets/UI Sources/СommonElement/Slider.png using Guid(df8e0141310c82b40be2ca2f36de3e21) Importer(815301076,1909f56bfc062723c751e8b465ee728b)  -> (artifact id: '924e6c6634539a3c88162ffe85e6d0a4') in 0.022638 seconds 
========================================================================
Received Import Request.
  Time since last request: 0.000019 seconds.
  path: Assets/UI Sources/СommonElement/Icon04.png
  artifactKey: Guid(b113924961ffea34c94b17c11ffc663f) Importer(815301076,1909f56bfc062723c751e8b465ee728b)
Start importing Assets/UI Sources/СommonElement/Icon04.png using Guid(b113924961ffea34c94b17c11ffc663f) Importer(815301076,1909f56bfc062723c751e8b465ee728b)  -> (artifact id: '764bc74f4a5cddbf269668b2c5ac45c7') in 0.022500 seconds 
========================================================================
Received Import Request.
  Time since last request: 0.000024 seconds.
  path: Assets/UI Sources/СommonElement/Icon02.png
  artifactKey: Guid(81b87b0f42255ce4c99b10add11e4699) Importer(815301076,1909f56bfc062723c751e8b465ee728b)
Start importing Assets/UI Sources/СommonElement/Icon02.png using Guid(81b87b0f42255ce4c99b10add11e4699) Importer(815301076,1909f56bfc062723c751e8b465ee728b)  -> (artifact id: '92a1f0eb120dc6a129026141cc3806de') in 0.020909 seconds 
========================================================================
Received Import Request.
  Time since last request: 0.000036 seconds.
  path: Assets/UI Sources/СommonElement/Icon05.png
  artifactKey: Guid(97ee19781236a58418177cdcf2e0f792) Importer(815301076,1909f56bfc062723c751e8b465ee728b)
Start importing Assets/UI Sources/СommonElement/Icon05.png using Guid(97ee19781236a58418177cdcf2e0f792) Importer(815301076,1909f56bfc062723c751e8b465ee728b)  -> (artifact id: '715472b185868635a0fbe10ec4d8066c') in 0.026021 seconds 
========================================================================
Received Import Request.
  Time since last request: 0.000032 seconds.
  path: Assets/UI Sources/СommonElement/BtnDefault.png
  artifactKey: Guid(11f6f14a8f072dd46bec8fc5d183ec5c) Importer(815301076,1909f56bfc062723c751e8b465ee728b)
Start importing Assets/UI Sources/СommonElement/BtnDefault.png using Guid(11f6f14a8f072dd46bec8fc5d183ec5c) Importer(815301076,1909f56bfc062723c751e8b465ee728b)  -> (artifact id: 'ad2d7297e62b1f5f87fb152c97933660') in 0.024987 seconds 
========================================================================
Received Import Request.
  Time since last request: 0.000029 seconds.
  path: Assets/UI Sources/СommonElement/TopMenu2.png
  artifactKey: Guid(3266f416d9f84634aa42d8ca105dffd3) Importer(815301076,1909f56bfc062723c751e8b465ee728b)
Start importing Assets/UI Sources/СommonElement/TopMenu2.png using Guid(3266f416d9f84634aa42d8ca105dffd3) Importer(815301076,1909f56bfc062723c751e8b465ee728b)  -> (artifact id: '6cc4f8193fa905d549edf2031868222e') in 0.021997 seconds 
========================================================================
Received Import Request.
  Time since last request: 10.573359 seconds.
  path: Assets/UI Sources/Main Game(Example)
  artifactKey: Guid(6add69bb9168e8c42a69353bfaa60df1) Importer(815301076,1909f56bfc062723c751e8b465ee728b)
Start importing Assets/UI Sources/Main Game(Example) using Guid(6add69bb9168e8c42a69353bfaa60df1) Importer(815301076,1909f56bfc062723c751e8b465ee728b)  -> (artifact id: '16e72f6f44f8866dea449f43193572cb') in 0.010697 seconds 
========================================================================
Received Import Request.
  Time since last request: 0.031066 seconds.
  path: Assets/UI Sources/Main Game(Example)/BqMain.png
  artifactKey: Guid(a6238cfc530ccbb4faa47e54d563ec66) Importer(815301076,1909f56bfc062723c751e8b465ee728b)
Start importing Assets/UI Sources/Main Game(Example)/BqMain.png using Guid(a6238cfc530ccbb4faa47e54d563ec66) Importer(815301076,1909f56bfc062723c751e8b465ee728b)  -> (artifact id: 'ab9aea279dc5c9b651c3e15039c4fffd') in 0.015129 seconds 
========================================================================
Received Import Request.
  Time since last request: 0.000023 seconds.
  path: Assets/UI Sources/Main Game(Example)/Btn04.png
  artifactKey: Guid(83965765b15c08747b26262275cbea3f) Importer(815301076,1909f56bfc062723c751e8b465ee728b)
Start importing Assets/UI Sources/Main Game(Example)/Btn04.png using Guid(83965765b15c08747b26262275cbea3f) Importer(815301076,1909f56bfc062723c751e8b465ee728b)  -> (artifact id: 'd288451745988a89f729b6277bc9014e') in 0.019226 seconds 
========================================================================
Received Import Request.
  Time since last request: 0.000031 seconds.
  path: Assets/UI Sources/Main Game(Example)/Btn02.png
  artifactKey: Guid(72e74b2bced872b4a9e37dcc58508660) Importer(815301076,1909f56bfc062723c751e8b465ee728b)
Start importing Assets/UI Sources/Main Game(Example)/Btn02.png using Guid(72e74b2bced872b4a9e37dcc58508660) Importer(815301076,1909f56bfc062723c751e8b465ee728b)  -> (artifact id: '865358c36974660efff1dd4d8beb67c5') in 0.019693 seconds 
========================================================================
Received Import Request.
  Time since last request: 0.000075 seconds.
  path: Assets/UI Sources/Main Game(Example)/Btn05.png
  artifactKey: Guid(8e438b2d72912b04284155399490e001) Importer(815301076,1909f56bfc062723c751e8b465ee728b)
Start importing Assets/UI Sources/Main Game(Example)/Btn05.png using Guid(8e438b2d72912b04284155399490e001) Importer(815301076,1909f56bfc062723c751e8b465ee728b)  -> (artifact id: '7b474098b8b19a87e8ce37c00574cd7b') in 0.019740 seconds 
========================================================================
Received Import Request.
  Time since last request: 6.091764 seconds.
  path: Assets/UI Sources/Selection BTN(Example)
  artifactKey: Guid(140f1c3accffce249a3dc9c5c4ed4de5) Importer(815301076,1909f56bfc062723c751e8b465ee728b)
Start importing Assets/UI Sources/Selection BTN(Example) using Guid(140f1c3accffce249a3dc9c5c4ed4de5) Importer(815301076,1909f56bfc062723c751e8b465ee728b)  -> (artifact id: '86797b14a6c77292759fd939944428dc') in 0.012861 seconds 
========================================================================
Received Import Request.
  Time since last request: 0.039331 seconds.
  path: Assets/UI Sources/Selection BTN(Example)/HeroCard.png
  artifactKey: Guid(ab49e015d2569d7458fa8441768ead4a) Importer(815301076,1909f56bfc062723c751e8b465ee728b)
Start importing Assets/UI Sources/Selection BTN(Example)/HeroCard.png using Guid(ab49e015d2569d7458fa8441768ead4a) Importer(815301076,1909f56bfc062723c751e8b465ee728b)  -> (artifact id: '98d45d429a2edac5abf8bd0e625d5ffa') in 0.015670 seconds 
========================================================================
Received Import Request.
  Time since last request: 0.000025 seconds.
  path: Assets/UI Sources/Selection BTN(Example)/IconStatic.png
  artifactKey: Guid(7894699eef5fbc14bb9c42d7d127933a) Importer(815301076,1909f56bfc062723c751e8b465ee728b)
Start importing Assets/UI Sources/Selection BTN(Example)/IconStatic.png using Guid(7894699eef5fbc14bb9c42d7d127933a) Importer(815301076,1909f56bfc062723c751e8b465ee728b)  -> (artifact id: '7e76f8a23dd80627fbadd3cd85dfd610') in 0.018587 seconds 
========================================================================
Received Import Request.
  Time since last request: 0.000092 seconds.
  path: Assets/UI Sources/Selection BTN(Example)/Icon03.png
  artifactKey: Guid(a3fea6a169baed54abb26d756ce20127) Importer(815301076,1909f56bfc062723c751e8b465ee728b)
Start importing Assets/UI Sources/Selection BTN(Example)/Icon03.png using Guid(a3fea6a169baed54abb26d756ce20127) Importer(815301076,1909f56bfc062723c751e8b465ee728b)  -> (artifact id: '04e80ce7bd5345802fbc4bf2024bc7b2') in 0.016686 seconds 
========================================================================
Received Import Request.
  Time since last request: 945.672128 seconds.
  path: Assets/UI Sources
  artifactKey: Guid(653827ebf6c82e847845852253e2ee77) Importer(815301076,1909f56bfc062723c751e8b465ee728b)
Start importing Assets/UI Sources using Guid(653827ebf6c82e847845852253e2ee77) Importer(815301076,1909f56bfc062723c751e8b465ee728b)  -> (artifact id: 'bdaa684867fee7a51a73cef7130f1ac2') in 0.014093 seconds 
========================================================================
Received Import Request.
  Time since last request: 16.613729 seconds.
  path: Assets/UI Sources/Elements
  artifactKey: Guid(1b972e1538dc0674793484f8b848d980) Importer(815301076,1909f56bfc062723c751e8b465ee728b)
Start importing Assets/UI Sources/Elements using Guid(1b972e1538dc0674793484f8b848d980) Importer(815301076,1909f56bfc062723c751e8b465ee728b)  -> (artifact id: '685c3b09051d2b8afb33bc1f6960658e') in 0.011629 seconds 
========================================================================
Received Import Request.
  Time since last request: 17.990005 seconds.
  path: Assets/UI Sources/СommonElement/Icon02.png
  artifactKey: Guid(81b87b0f42255ce4c99b10add11e4699) Importer(815301076,1909f56bfc062723c751e8b465ee728b)
Start importing Assets/UI Sources/СommonElement/Icon02.png using Guid(81b87b0f42255ce4c99b10add11e4699) Importer(815301076,1909f56bfc062723c751e8b465ee728b)  -> (artifact id: '3a8b98ff3007550a95e73fa58bc79478') in 0.042547 seconds 
========================================================================
Received Import Request.
  Time since last request: 0.006993 seconds.
  path: Assets/UI Sources/СommonElement/ArrowTop.png
  artifactKey: Guid(586ecdc7e7cbdd44c9316efe41c0b064) Importer(815301076,1909f56bfc062723c751e8b465ee728b)
Start importing Assets/UI Sources/СommonElement/ArrowTop.png using Guid(586ecdc7e7cbdd44c9316efe41c0b064) Importer(815301076,1909f56bfc062723c751e8b465ee728b)  -> (artifact id: '4b40cb70d480dd0f4f803a555d5b3b41') in 0.025433 seconds 
========================================================================
Received Import Request.
  Time since last request: 0.000055 seconds.
  path: Assets/UI Sources/СommonElement/Icon01.png
  artifactKey: Guid(908f3d3d4e90ee44bb2d20dda09b6d6e) Importer(815301076,1909f56bfc062723c751e8b465ee728b)
Start importing Assets/UI Sources/СommonElement/Icon01.png using Guid(908f3d3d4e90ee44bb2d20dda09b6d6e) Importer(815301076,1909f56bfc062723c751e8b465ee728b)  -> (artifact id: 'eb66ad78a533eba1ec94744dc02bd11f') in 0.024258 seconds 
========================================================================
Received Import Request.
  Time since last request: 0.000036 seconds.
  path: Assets/UI Sources/СommonElement/ItemDisable.png
  artifactKey: Guid(b7be02b12c87c874d8720efee0f76c7e) Importer(815301076,1909f56bfc062723c751e8b465ee728b)
Start importing Assets/UI Sources/СommonElement/ItemDisable.png using Guid(b7be02b12c87c874d8720efee0f76c7e) Importer(815301076,1909f56bfc062723c751e8b465ee728b)  -> (artifact id: 'a08be54be9a89248173260cd29972614') in 0.038780 seconds 
========================================================================
Received Import Request.
  Time since last request: 0.000028 seconds.
  path: Assets/UI Sources/СommonElement/ItemEnable.png
  artifactKey: Guid(decb2fdd807bc744c82e96b19d34cd74) Importer(815301076,1909f56bfc062723c751e8b465ee728b)
Start importing Assets/UI Sources/СommonElement/ItemEnable.png using Guid(decb2fdd807bc744c82e96b19d34cd74) Importer(815301076,1909f56bfc062723c751e8b465ee728b)  -> (artifact id: '91fb62477d3403a052bd7db50601f90e') in 0.028320 seconds 
========================================================================
Received Import Request.
  Time since last request: 0.000023 seconds.
  path: Assets/UI Sources/СommonElement/BqPanelBotton.png
  artifactKey: Guid(2f841efb45c88b34ea7a20595f9aa832) Importer(815301076,1909f56bfc062723c751e8b465ee728b)
Start importing Assets/UI Sources/СommonElement/BqPanelBotton.png using Guid(2f841efb45c88b34ea7a20595f9aa832) Importer(815301076,1909f56bfc062723c751e8b465ee728b)  -> (artifact id: 'a01a4793de59443696b599e9b21e7cca') in 0.025581 seconds 
========================================================================
Received Import Request.
  Time since last request: 0.000035 seconds.
  path: Assets/UI Sources/СommonElement/Slider.png
  artifactKey: Guid(df8e0141310c82b40be2ca2f36de3e21) Importer(815301076,1909f56bfc062723c751e8b465ee728b)
Start importing Assets/UI Sources/СommonElement/Slider.png using Guid(df8e0141310c82b40be2ca2f36de3e21) Importer(815301076,1909f56bfc062723c751e8b465ee728b)  -> (artifact id: '15c43f5aa8a814c479e1cf7229ce726e') in 0.019960 seconds 
========================================================================
Received Import Request.
  Time since last request: 0.000019 seconds.
  path: Assets/UI Sources/СommonElement/BtnNext.png
  artifactKey: Guid(24c92ab0dd818df439723eab9ea2267c) Importer(815301076,1909f56bfc062723c751e8b465ee728b)
Start importing Assets/UI Sources/СommonElement/BtnNext.png using Guid(24c92ab0dd818df439723eab9ea2267c) Importer(815301076,1909f56bfc062723c751e8b465ee728b)  -> (artifact id: '57d20fe8bef317538da41d5346cca265') in 0.034393 seconds 
========================================================================
Received Import Request.
  Time since last request: 0.000026 seconds.
  path: Assets/UI Sources/СommonElement/BtnBack.png
  artifactKey: Guid(b6a8f58fea228664e91d6dca48291c04) Importer(815301076,1909f56bfc062723c751e8b465ee728b)
Start importing Assets/UI Sources/СommonElement/BtnBack.png using Guid(b6a8f58fea228664e91d6dca48291c04) Importer(815301076,1909f56bfc062723c751e8b465ee728b)  -> (artifact id: 'b500abb0b312b68a4e2f79345306aa8c') in 0.022134 seconds 
========================================================================
Received Import Request.
  Time since last request: 0.000040 seconds.
  path: Assets/UI Sources/СommonElement/Icon05.png
  artifactKey: Guid(97ee19781236a58418177cdcf2e0f792) Importer(815301076,1909f56bfc062723c751e8b465ee728b)
Start importing Assets/UI Sources/СommonElement/Icon05.png using Guid(97ee19781236a58418177cdcf2e0f792) Importer(815301076,1909f56bfc062723c751e8b465ee728b)  -> (artifact id: 'a146869a6abc48f25b2507e4fe3c295d') in 0.021783 seconds 
========================================================================
Received Import Request.
  Time since last request: 0.000032 seconds.
  path: Assets/UI Sources/СommonElement/BtnDefault.png
  artifactKey: Guid(11f6f14a8f072dd46bec8fc5d183ec5c) Importer(815301076,1909f56bfc062723c751e8b465ee728b)
Start importing Assets/UI Sources/СommonElement/BtnDefault.png using Guid(11f6f14a8f072dd46bec8fc5d183ec5c) Importer(815301076,1909f56bfc062723c751e8b465ee728b)  -> (artifact id: '18ffd192df17fac0bb675e9f37bcb299') in 0.031174 seconds 
========================================================================
Received Import Request.
  Time since last request: 0.000020 seconds.
  path: Assets/UI Sources/СommonElement/Icon03.png
  artifactKey: Guid(d99878c140ec40d41b61f072a7e24e21) Importer(815301076,1909f56bfc062723c751e8b465ee728b)
Start importing Assets/UI Sources/СommonElement/Icon03.png using Guid(d99878c140ec40d41b61f072a7e24e21) Importer(815301076,1909f56bfc062723c751e8b465ee728b)  -> (artifact id: 'd54fdcb2e1791743556ad00c56c2acd5') in 0.026657 seconds 
========================================================================
Received Import Request.
  Time since last request: 0.000024 seconds.
  path: Assets/UI Sources/СommonElement/ScrollBar.png
  artifactKey: Guid(6ca02a85bece156459eb439114f67e35) Importer(815301076,1909f56bfc062723c751e8b465ee728b)
Start importing Assets/UI Sources/СommonElement/ScrollBar.png using Guid(6ca02a85bece156459eb439114f67e35) Importer(815301076,1909f56bfc062723c751e8b465ee728b)  -> (artifact id: 'e88a73bce9bf73c919a2e930feee17ea') in 0.023519 seconds 
