Using pre-set license
Built from '2021.3/staging' branch; Version is '2021.3.26f1 (a16dc32e0ff2) revision 10579395'; Using compiler version '192829333'; Build Type 'Release'
OS: 'Windows 10  (10.0.19045) 64bit Education' Language: 'tr' Physical Memory: 16225 MB
BatchMode: 1, IsHumanControllingUs: 0, StartBugReporterOnCrash: 0, Is64bit: 1, IsPro: 1

COMMAND LINE ARGUMENTS:
C:\Program Files\Unity\Hub\Editor\2021.3.26f1\Editor\Unity.exe
-adb2
-batchMode
-noUpm
-name
AssetImportWorker1
-projectPath
C:/Users/Harun Serkan Metin/Desktop/Odev2/Bil424Odev2/Odev2
-logFile
Logs/AssetImportWorker1.log
-srvPort
51628
Successfully changed project path to: C:/Users/Harun Serkan Metin/Desktop/Odev2/Bil424Odev2/Odev2
C:/Users/Harun Serkan Metin/Desktop/Odev2/Bil424Odev2/Odev2
[UnityMemory] Configuration Parameters - Can be set up in boot.config
    "memorysetup-bucket-allocator-granularity=16"
    "memorysetup-bucket-allocator-bucket-count=8"
    "memorysetup-bucket-allocator-block-size=33554432"
    "memorysetup-bucket-allocator-block-count=8"
    "memorysetup-main-allocator-block-size=16777216"
    "memorysetup-thread-allocator-block-size=16777216"
    "memorysetup-gfx-main-allocator-block-size=16777216"
    "memorysetup-gfx-thread-allocator-block-size=16777216"
    "memorysetup-cache-allocator-block-size=4194304"
    "memorysetup-typetree-allocator-block-size=2097152"
    "memorysetup-profiler-bucket-allocator-granularity=16"
    "memorysetup-profiler-bucket-allocator-bucket-count=8"
    "memorysetup-profiler-bucket-allocator-block-size=33554432"
    "memorysetup-profiler-bucket-allocator-block-count=8"
    "memorysetup-profiler-allocator-block-size=16777216"
    "memorysetup-profiler-editor-allocator-block-size=1048576"
    "memorysetup-temp-allocator-size-main=16777216"
    "memorysetup-job-temp-allocator-block-size=2097152"
    "memorysetup-job-temp-allocator-block-size-background=1048576"
    "memorysetup-job-temp-allocator-reduction-small-platforms=262144"
    "memorysetup-temp-allocator-size-background-worker=32768"
    "memorysetup-temp-allocator-size-job-worker=262144"
    "memorysetup-temp-allocator-size-preload-manager=33554432"
    "memorysetup-temp-allocator-size-nav-mesh-worker=65536"
    "memorysetup-temp-allocator-size-audio-worker=65536"
    "memorysetup-temp-allocator-size-cloud-worker=32768"
    "memorysetup-temp-allocator-size-gi-baking-worker=262144"
    "memorysetup-temp-allocator-size-gfx=262144"
Player connection [2628] Host "[IP] 10.3.192.79 [Port] 0 [Flags] 2 [Guid] 3142278827 [EditorId] 3142278827 [Version] 1048832 [Id] WindowsEditor(7,DESKTOP-I33TFN3) [Debug] 1 [PackageName] WindowsEditor [ProjectName] Editor" joined multi-casting on [225.0.0.222:54997]...

Player connection [2628] Host "[IP] 10.3.192.79 [Port] 0 [Flags] 2 [Guid] 3142278827 [EditorId] 3142278827 [Version] 1048832 [Id] WindowsEditor(7,DESKTOP-I33TFN3) [Debug] 1 [PackageName] WindowsEditor [ProjectName] Editor" joined alternative multi-casting on [225.0.0.222:34997]...

Refreshing native plugins compatible for Editor in 70.90 ms, found 3 plugins.
Preloading 0 native plugins for Editor in 0.00 ms.
Initialize engine version: 2021.3.26f1 (a16dc32e0ff2)
[Subsystems] Discovering subsystems at path C:/Program Files/Unity/Hub/Editor/2021.3.26f1/Editor/Data/Resources/UnitySubsystems
[Subsystems] Discovering subsystems at path C:/Users/Harun Serkan Metin/Desktop/Odev2/Bil424Odev2/Odev2/Assets
GfxDevice: creating device client; threaded=0; jobified=0
Direct3D:
    Version:  Direct3D 11.0 [level 11.1]
    Renderer: NVIDIA GeForce GTX 1650 (ID=0x1f91)
    Vendor:   NVIDIA
    VRAM:     3962 MB
    Driver:   30.0.15.1278
Initialize mono
Mono path[0] = 'C:/Program Files/Unity/Hub/Editor/2021.3.26f1/Editor/Data/Managed'
Mono path[1] = 'C:/Program Files/Unity/Hub/Editor/2021.3.26f1/Editor/Data/MonoBleedingEdge/lib/mono/unityjit-win32'
Mono config path = 'C:/Program Files/Unity/Hub/Editor/2021.3.26f1/Editor/Data/MonoBleedingEdge/etc'
Using monoOptions --debugger-agent=transport=dt_socket,embedding=1,server=y,suspend=n,address=127.0.0.1:56288
Begin MonoManager ReloadAssembly
Registering precompiled unity dll's ...
Register platform support module: C:/Program Files/Unity/Hub/Editor/2021.3.26f1/Editor/Data/PlaybackEngines/AndroidPlayer/UnityEditor.Android.Extensions.dll
Register platform support module: C:/Program Files/Unity/Hub/Editor/2021.3.26f1/Editor/Data/PlaybackEngines/WindowsStandaloneSupport/UnityEditor.WindowsStandalone.Extensions.dll
Registered in 0.007792 seconds.
Native extension for WindowsStandalone target not found
Native extension for Android target not found
Android Extension - Scanning For ADB Devices 263 ms
Refreshing native plugins compatible for Editor in 68.53 ms, found 3 plugins.
Preloading 0 native plugins for Editor in 0.00 ms.
Mono: successfully reloaded assembly
- Completed reload, in  0.965 seconds
Domain Reload Profiling:
	ReloadAssembly (966ms)
		BeginReloadAssembly (99ms)
			ExecutionOrderSort (0ms)
			DisableScriptedObjects (0ms)
			BackupInstance (0ms)
			ReleaseScriptingObjects (0ms)
			CreateAndSetChildDomain (1ms)
		EndReloadAssembly (758ms)
			LoadAssemblies (97ms)
			RebuildTransferFunctionScriptingTraits (0ms)
			SetupTypeCache (114ms)
			ReleaseScriptCaches (0ms)
			RebuildScriptCaches (29ms)
			SetupLoadedEditorAssemblies (562ms)
				LogAssemblyErrors (0ms)
				InitializePlatformSupportModulesInManaged (359ms)
				SetLoadedEditorAssemblies (0ms)
				RefreshPlugins (69ms)
				BeforeProcessingInitializeOnLoad (1ms)
				ProcessInitializeOnLoadAttributes (87ms)
				ProcessInitializeOnLoadMethodAttributes (46ms)
				AfterProcessingInitializeOnLoad (0ms)
				EditorAssembliesLoaded (0ms)
			ExecutionOrderSort2 (0ms)
			AwakeInstancesAfterBackupRestoration (0ms)
Platform modules already initialized, skipping
Registering precompiled user dll's ...
Registered in 0.004853 seconds.
Begin MonoManager ReloadAssembly
Symbol file LoadedFromMemory doesn't match image C:\Users\Harun Serkan Metin\Desktop\Odev2\Bil424Odev2\Odev2\Library\PackageCache\com.unity.visualscripting@1.8.0\Editor\VisualScripting.Core\Dependencies\YamlDotNet\Unity.VisualScripting.YamlDotNet.dll
Symbol file LoadedFromMemory doesn't match image C:\Users\Harun Serkan Metin\Desktop\Odev2\Bil424Odev2\Odev2\Library\PackageCache\com.unity.visualscripting@1.8.0\Editor\VisualScripting.Core\Dependencies\DotNetZip\Unity.VisualScripting.IonicZip.dll
Native extension for WindowsStandalone target not found
Native extension for Android target not found
Refreshing native plugins compatible for Editor in 0.42 ms, found 3 plugins.
Preloading 0 native plugins for Editor in 0.00 ms.
Mono: successfully reloaded assembly
- Completed reload, in  1.064 seconds
Domain Reload Profiling:
	ReloadAssembly (1065ms)
		BeginReloadAssembly (118ms)
			ExecutionOrderSort (0ms)
			DisableScriptedObjects (6ms)
			BackupInstance (0ms)
			ReleaseScriptingObjects (0ms)
			CreateAndSetChildDomain (23ms)
		EndReloadAssembly (830ms)
			LoadAssemblies (83ms)
			RebuildTransferFunctionScriptingTraits (0ms)
			SetupTypeCache (317ms)
			ReleaseScriptCaches (1ms)
			RebuildScriptCaches (56ms)
			SetupLoadedEditorAssemblies (336ms)
				LogAssemblyErrors (0ms)
				InitializePlatformSupportModulesInManaged (20ms)
				SetLoadedEditorAssemblies (0ms)
				RefreshPlugins (0ms)
				BeforeProcessingInitializeOnLoad (79ms)
				ProcessInitializeOnLoadAttributes (209ms)
				ProcessInitializeOnLoadMethodAttributes (19ms)
				AfterProcessingInitializeOnLoad (7ms)
				EditorAssembliesLoaded (0ms)
			ExecutionOrderSort2 (0ms)
			AwakeInstancesAfterBackupRestoration (6ms)
Platform modules already initialized, skipping
========================================================================
Worker process is ready to serve import requests
Launched and connected shader compiler UnityShaderCompiler.exe after 0.04 seconds
Refreshing native plugins compatible for Editor in 0.45 ms, found 3 plugins.
Preloading 0 native plugins for Editor in 0.00 ms.
Unloading 3052 Unused Serialized files (Serialized files now loaded: 0)
Unloading 22 unused Assets / (284.4 KB). Loaded Objects now: 3517.
Memory consumption went from 112.4 MB to 112.1 MB.
Total: 3.175400 ms (FindLiveObjects: 0.273400 ms CreateObjectMapping: 0.196600 ms MarkObjects: 2.589100 ms  DeleteObjects: 0.114800 ms)

AssetImportParameters requested are different than current active one (requested -> active):
  custom:video-decoder-ogg-theora: a1e56fd34408186e4bbccfd4996cb3dc -> 
  custom:container-muxer-webm: aa71ff27fc2769a1b78a27578f13a17b -> 
  custom:container-demuxer-webm: 4f35f7cbe854078d1ac9338744f61a02 -> 
  custom:video-encoder-webm-vp8: eb34c28f22e8b96e1ab97ce403110664 -> 
  custom:audio-encoder-webm-vorbis: bf7c407c2cedff20999df2af8eb42d56 -> 
  custom:framework-win-MediaFoundation: 216162199b28c13a410421893ffa2e32 -> 
  custom:container-demuxer-ogg: 62fdf1f143b41e24485cea50d1cbac27 -> 
  custom:video-decoder-webm-vp8: 9c59270c3fd7afecdb556c50c9e8de78 -> 
  custom:audio-decoder-ogg-vorbis: bf7c407c2cedff20999df2af8eb42d56 -> 
========================================================================
Received Import Request.
  Time since last request: 1131.544147 seconds.
  path: Assets/Scenes
  artifactKey: Guid(76b5e1a224467184a9f596274360fee8) Importer(815301076,1909f56bfc062723c751e8b465ee728b)
Start importing Assets/Scenes using Guid(76b5e1a224467184a9f596274360fee8) Importer(815301076,1909f56bfc062723c751e8b465ee728b)  -> (artifact id: 'd47983d4708f3666ce2bc8983e6db142') in 0.017503 seconds 
========================================================================
Received Import Request.
  Time since last request: 0.000029 seconds.
  path: Assets/Scenes/SampleScene.unity
  artifactKey: Guid(9fc0d4010bbf28b4594072e72b8655ab) Importer(815301076,1909f56bfc062723c751e8b465ee728b)
Start importing Assets/Scenes/SampleScene.unity using Guid(9fc0d4010bbf28b4594072e72b8655ab) Importer(815301076,1909f56bfc062723c751e8b465ee728b)  -> (artifact id: 'e55ccaa32d8e5c1de03c07a5412c8c3c') in 0.011404 seconds 
========================================================================
Received Import Request.
  Time since last request: 565.712986 seconds.
  path: Assets/UI Sources/Elements/ArrowRight.png
  artifactKey: Guid(2306eb3d51b073649833fa5defd92b84) Importer(815301076,1909f56bfc062723c751e8b465ee728b)
Start importing Assets/UI Sources/Elements/ArrowRight.png using Guid(2306eb3d51b073649833fa5defd92b84) Importer(815301076,1909f56bfc062723c751e8b465ee728b)  -> (artifact id: 'f031d310f0c77e05dbdf41166426b847') in 0.102866 seconds 
========================================================================
Received Import Request.
  Time since last request: 0.000033 seconds.
  path: Assets/UI Sources/Elements/IconD14.png
  artifactKey: Guid(b64d1d90f19f3004186c926c7ff59c48) Importer(815301076,1909f56bfc062723c751e8b465ee728b)
Start importing Assets/UI Sources/Elements/IconD14.png using Guid(b64d1d90f19f3004186c926c7ff59c48) Importer(815301076,1909f56bfc062723c751e8b465ee728b)  -> (artifact id: '833a78047a9a873dcbbdd2cb054b5b53') in 0.021735 seconds 
========================================================================
Received Import Request.
  Time since last request: 0.000075 seconds.
  path: Assets/UI Sources/Elements/IconD06.png
  artifactKey: Guid(2f39e43be053c884f9e93e56618bd371) Importer(815301076,1909f56bfc062723c751e8b465ee728b)
Start importing Assets/UI Sources/Elements/IconD06.png using Guid(2f39e43be053c884f9e93e56618bd371) Importer(815301076,1909f56bfc062723c751e8b465ee728b)  -> (artifact id: 'a031dc7eb8357741f71723d614524383') in 0.018863 seconds 
========================================================================
Received Import Request.
  Time since last request: 0.000044 seconds.
  path: Assets/UI Sources/Elements/IconD02.png
  artifactKey: Guid(1e3d4502011b13c4c8a32b8b8a1b7fa0) Importer(815301076,1909f56bfc062723c751e8b465ee728b)
Start importing Assets/UI Sources/Elements/IconD02.png using Guid(1e3d4502011b13c4c8a32b8b8a1b7fa0) Importer(815301076,1909f56bfc062723c751e8b465ee728b)  -> (artifact id: 'c4c43f2abd17def03417dd4eeb41d8bd') in 0.018015 seconds 
========================================================================
Received Import Request.
  Time since last request: 0.000025 seconds.
  path: Assets/UI Sources/Elements/IconD15.png
  artifactKey: Guid(748cd5f10f924eb40a7876723314beb4) Importer(815301076,1909f56bfc062723c751e8b465ee728b)
Start importing Assets/UI Sources/Elements/IconD15.png using Guid(748cd5f10f924eb40a7876723314beb4) Importer(815301076,1909f56bfc062723c751e8b465ee728b)  -> (artifact id: '8eaaaecff7f67650603a85157bc4b4c9') in 0.018989 seconds 
========================================================================
Received Import Request.
  Time since last request: 0.000036 seconds.
  path: Assets/UI Sources/Elements/IconD10.png
  artifactKey: Guid(b4c45cb2431780a42b730ed1e70aa33c) Importer(815301076,1909f56bfc062723c751e8b465ee728b)
Start importing Assets/UI Sources/Elements/IconD10.png using Guid(b4c45cb2431780a42b730ed1e70aa33c) Importer(815301076,1909f56bfc062723c751e8b465ee728b)  -> (artifact id: 'd0b44d9c8bd48245fb6689700622c8f8') in 0.020881 seconds 
========================================================================
Received Import Request.
  Time since last request: 0.000037 seconds.
  path: Assets/UI Sources/Elements/IconD09.png
  artifactKey: Guid(a98c422274b102a4882b862eb6de1a9c) Importer(815301076,1909f56bfc062723c751e8b465ee728b)
Start importing Assets/UI Sources/Elements/IconD09.png using Guid(a98c422274b102a4882b862eb6de1a9c) Importer(815301076,1909f56bfc062723c751e8b465ee728b)  -> (artifact id: '0ff3edcb00b14aa793c2d1b5e43a0b13') in 0.018564 seconds 
========================================================================
Received Import Request.
  Time since last request: 0.000026 seconds.
  path: Assets/UI Sources/Elements/PanelTitleSettings.png
  artifactKey: Guid(2c3c41335e2707f43956e198a066ac9e) Importer(815301076,1909f56bfc062723c751e8b465ee728b)
Start importing Assets/UI Sources/Elements/PanelTitleSettings.png using Guid(2c3c41335e2707f43956e198a066ac9e) Importer(815301076,1909f56bfc062723c751e8b465ee728b)  -> (artifact id: '72142896113a555d483a7b8ea1c16c80') in 0.021340 seconds 
========================================================================
Received Import Request.
  Time since last request: 7.187600 seconds.
  path: Assets/UI Sources/СommonElement/Background.jpg
  artifactKey: Guid(e8ed2fd04e1e65a4c86d5dbd94aab5ed) Importer(815301076,1909f56bfc062723c751e8b465ee728b)
Start importing Assets/UI Sources/СommonElement/Background.jpg using Guid(e8ed2fd04e1e65a4c86d5dbd94aab5ed) Importer(815301076,1909f56bfc062723c751e8b465ee728b)  -> (artifact id: '0e1fe5e2dc042752bcdbe25ce206bee0') in 0.026247 seconds 
========================================================================
Received Import Request.
  Time since last request: 0.000022 seconds.
  path: Assets/UI Sources/СommonElement/ItemDisable.png
  artifactKey: Guid(b7be02b12c87c874d8720efee0f76c7e) Importer(815301076,1909f56bfc062723c751e8b465ee728b)
Start importing Assets/UI Sources/СommonElement/ItemDisable.png using Guid(b7be02b12c87c874d8720efee0f76c7e) Importer(815301076,1909f56bfc062723c751e8b465ee728b)  -> (artifact id: 'd0a8732d14e986ecee72a2367140f668') in 0.025878 seconds 
========================================================================
Received Import Request.
  Time since last request: 0.000022 seconds.
  path: Assets/UI Sources/СommonElement/BqPanelBotton.png
  artifactKey: Guid(2f841efb45c88b34ea7a20595f9aa832) Importer(815301076,1909f56bfc062723c751e8b465ee728b)
Start importing Assets/UI Sources/СommonElement/BqPanelBotton.png using Guid(2f841efb45c88b34ea7a20595f9aa832) Importer(815301076,1909f56bfc062723c751e8b465ee728b)  -> (artifact id: 'aad94b3682ae7b9bac2ce3e3166015a9') in 0.023883 seconds 
========================================================================
Received Import Request.
  Time since last request: 0.000026 seconds.
  path: Assets/UI Sources/СommonElement/BtnNext.png
  artifactKey: Guid(24c92ab0dd818df439723eab9ea2267c) Importer(815301076,1909f56bfc062723c751e8b465ee728b)
Start importing Assets/UI Sources/СommonElement/BtnNext.png using Guid(24c92ab0dd818df439723eab9ea2267c) Importer(815301076,1909f56bfc062723c751e8b465ee728b)  -> (artifact id: '794c05c0e3522dae682b50011a144e9b') in 0.025825 seconds 
========================================================================
Received Import Request.
  Time since last request: 0.000024 seconds.
  path: Assets/UI Sources/СommonElement/BtnBack.png
  artifactKey: Guid(b6a8f58fea228664e91d6dca48291c04) Importer(815301076,1909f56bfc062723c751e8b465ee728b)
Start importing Assets/UI Sources/СommonElement/BtnBack.png using Guid(b6a8f58fea228664e91d6dca48291c04) Importer(815301076,1909f56bfc062723c751e8b465ee728b)  -> (artifact id: '104690cef2db7a95e6f5becdafe0ddae') in 0.019002 seconds 
========================================================================
Received Import Request.
  Time since last request: 0.000026 seconds.
  path: Assets/UI Sources/СommonElement/TopMenu.png
  artifactKey: Guid(300a9b8b3099a0c44964c4f9e91804a3) Importer(815301076,1909f56bfc062723c751e8b465ee728b)
Start importing Assets/UI Sources/СommonElement/TopMenu.png using Guid(300a9b8b3099a0c44964c4f9e91804a3) Importer(815301076,1909f56bfc062723c751e8b465ee728b)  -> (artifact id: '98dc5277e7f6f23ee244ab6ad63f7374') in 0.025201 seconds 
========================================================================
Received Import Request.
  Time since last request: 0.000060 seconds.
  path: Assets/UI Sources/СommonElement/Logo.png
  artifactKey: Guid(49113cef3b70afa44827279cd72f2e4a) Importer(815301076,1909f56bfc062723c751e8b465ee728b)
Start importing Assets/UI Sources/СommonElement/Logo.png using Guid(49113cef3b70afa44827279cd72f2e4a) Importer(815301076,1909f56bfc062723c751e8b465ee728b)  -> (artifact id: '052f1f4bfb3f938bf59277dc376a8eab') in 0.031527 seconds 
========================================================================
Received Import Request.
  Time since last request: 0.000028 seconds.
  path: Assets/UI Sources/СommonElement/Icon03.png
  artifactKey: Guid(d99878c140ec40d41b61f072a7e24e21) Importer(815301076,1909f56bfc062723c751e8b465ee728b)
Start importing Assets/UI Sources/СommonElement/Icon03.png using Guid(d99878c140ec40d41b61f072a7e24e21) Importer(815301076,1909f56bfc062723c751e8b465ee728b)  -> (artifact id: 'ad48e0eb0bd21cdb8c694f6d65fb9625') in 0.020435 seconds 
========================================================================
Received Import Request.
  Time since last request: 0.000028 seconds.
  path: Assets/UI Sources/СommonElement/ScrollBar.png
  artifactKey: Guid(6ca02a85bece156459eb439114f67e35) Importer(815301076,1909f56bfc062723c751e8b465ee728b)
Start importing Assets/UI Sources/СommonElement/ScrollBar.png using Guid(6ca02a85bece156459eb439114f67e35) Importer(815301076,1909f56bfc062723c751e8b465ee728b)  -> (artifact id: '2c225759e641ca1fe06f0d64664937d9') in 0.027042 seconds 
========================================================================
Received Import Request.
  Time since last request: 10.597394 seconds.
  path: Assets/UI Sources/Main Game(Example)/Btn01.png
  artifactKey: Guid(4d7e597a1f0cf064d9ab8302eab21d3b) Importer(815301076,1909f56bfc062723c751e8b465ee728b)
Start importing Assets/UI Sources/Main Game(Example)/Btn01.png using Guid(4d7e597a1f0cf064d9ab8302eab21d3b) Importer(815301076,1909f56bfc062723c751e8b465ee728b)  -> (artifact id: 'e0ffcae38670afb866a544812b5aef2f') in 0.015005 seconds 
========================================================================
Received Import Request.
  Time since last request: 0.000018 seconds.
  path: Assets/UI Sources/Main Game(Example)/Btn03.png
  artifactKey: Guid(580aa724e6363924796eea2d095ace76) Importer(815301076,1909f56bfc062723c751e8b465ee728b)
Start importing Assets/UI Sources/Main Game(Example)/Btn03.png using Guid(580aa724e6363924796eea2d095ace76) Importer(815301076,1909f56bfc062723c751e8b465ee728b)  -> (artifact id: 'af345a821dbcae301d693e4fc6934795') in 0.016957 seconds 
========================================================================
Received Import Request.
  Time since last request: 0.000023 seconds.
  path: Assets/UI Sources/Main Game(Example)/Btn06.png
  artifactKey: Guid(564a8a65c131f60498eb71d5df0beaea) Importer(815301076,1909f56bfc062723c751e8b465ee728b)
Start importing Assets/UI Sources/Main Game(Example)/Btn06.png using Guid(564a8a65c131f60498eb71d5df0beaea) Importer(815301076,1909f56bfc062723c751e8b465ee728b)  -> (artifact id: '9c47506ef9c4639a333400b1aa28387d') in 0.018487 seconds 
========================================================================
Received Import Request.
  Time since last request: 0.000029 seconds.
  path: Assets/UI Sources/Main Game(Example)/Logo.png
  artifactKey: Guid(6880df1e257178b49a99690b8e9d2990) Importer(815301076,1909f56bfc062723c751e8b465ee728b)
Start importing Assets/UI Sources/Main Game(Example)/Logo.png using Guid(6880df1e257178b49a99690b8e9d2990) Importer(815301076,1909f56bfc062723c751e8b465ee728b)  -> (artifact id: '77cc27821f9d30059d074aae5871b091') in 0.009300 seconds 
========================================================================
Received Import Request.
  Time since last request: 6.162632 seconds.
  path: Assets/UI Sources/Selection BTN(Example)/HeroCard2.png
  artifactKey: Guid(c641ea72713248848ac5116f7676d3ac) Importer(815301076,1909f56bfc062723c751e8b465ee728b)
Start importing Assets/UI Sources/Selection BTN(Example)/HeroCard2.png using Guid(c641ea72713248848ac5116f7676d3ac) Importer(815301076,1909f56bfc062723c751e8b465ee728b)  -> (artifact id: '27207e562bbf83205881ed277fba6732') in 0.015545 seconds 
========================================================================
Received Import Request.
  Time since last request: 0.000025 seconds.
  path: Assets/UI Sources/Selection BTN(Example)/Icon02.png
  artifactKey: Guid(351e59bc2aa3b0d40b3b9faa19a49061) Importer(815301076,1909f56bfc062723c751e8b465ee728b)
Start importing Assets/UI Sources/Selection BTN(Example)/Icon02.png using Guid(351e59bc2aa3b0d40b3b9faa19a49061) Importer(815301076,1909f56bfc062723c751e8b465ee728b)  -> (artifact id: 'c39db2691d168a2e099230941357337c') in 0.017735 seconds 
========================================================================
Received Import Request.
  Time since last request: 0.000030 seconds.
  path: Assets/UI Sources/Selection BTN(Example)/Icon01.png
  artifactKey: Guid(2b8e72710805e364f8cd82d068bcd037) Importer(815301076,1909f56bfc062723c751e8b465ee728b)
Start importing Assets/UI Sources/Selection BTN(Example)/Icon01.png using Guid(2b8e72710805e364f8cd82d068bcd037) Importer(815301076,1909f56bfc062723c751e8b465ee728b)  -> (artifact id: 'ee5ea6e471ccf56440436659670bb5da') in 0.018465 seconds 
========================================================================
Received Import Request.
  Time since last request: 980.370054 seconds.
  path: Assets/UI Sources/СommonElement/Background.jpg
  artifactKey: Guid(e8ed2fd04e1e65a4c86d5dbd94aab5ed) Importer(815301076,1909f56bfc062723c751e8b465ee728b)
Start importing Assets/UI Sources/СommonElement/Background.jpg using Guid(e8ed2fd04e1e65a4c86d5dbd94aab5ed) Importer(815301076,1909f56bfc062723c751e8b465ee728b)  -> (artifact id: '63a80a2eec481e12e4179bc6fc9b8c73') in 0.217116 seconds 
========================================================================
Received Import Request.
  Time since last request: 0.000041 seconds.
  path: Assets/UI Sources/СommonElement/Icon04.png
  artifactKey: Guid(b113924961ffea34c94b17c11ffc663f) Importer(815301076,1909f56bfc062723c751e8b465ee728b)
Start importing Assets/UI Sources/СommonElement/Icon04.png using Guid(b113924961ffea34c94b17c11ffc663f) Importer(815301076,1909f56bfc062723c751e8b465ee728b)  -> (artifact id: '0f5a19a257ad260ba7863727e1fb8d9d') in 0.025512 seconds 
========================================================================
Received Import Request.
  Time since last request: 0.000039 seconds.
  path: Assets/UI Sources/СommonElement/TopMenu.png
  artifactKey: Guid(300a9b8b3099a0c44964c4f9e91804a3) Importer(815301076,1909f56bfc062723c751e8b465ee728b)
Start importing Assets/UI Sources/СommonElement/TopMenu.png using Guid(300a9b8b3099a0c44964c4f9e91804a3) Importer(815301076,1909f56bfc062723c751e8b465ee728b)  -> (artifact id: '9ec923de9a79b2a07888cfc14b2d498c') in 0.036853 seconds 
========================================================================
Received Import Request.
  Time since last request: 0.000021 seconds.
  path: Assets/UI Sources/СommonElement/Logo.png
  artifactKey: Guid(49113cef3b70afa44827279cd72f2e4a) Importer(815301076,1909f56bfc062723c751e8b465ee728b)
Start importing Assets/UI Sources/СommonElement/Logo.png using Guid(49113cef3b70afa44827279cd72f2e4a) Importer(815301076,1909f56bfc062723c751e8b465ee728b)  -> (artifact id: 'b093d88aa4fe7074c8d94f203b61ca97') in 0.037505 seconds 
========================================================================
Received Import Request.
  Time since last request: 0.000024 seconds.
  path: Assets/UI Sources/СommonElement/TopMenu2.png
  artifactKey: Guid(3266f416d9f84634aa42d8ca105dffd3) Importer(815301076,1909f56bfc062723c751e8b465ee728b)
Start importing Assets/UI Sources/СommonElement/TopMenu2.png using Guid(3266f416d9f84634aa42d8ca105dffd3) Importer(815301076,1909f56bfc062723c751e8b465ee728b)  -> (artifact id: 'd37dbbae44391600f5beb9068854bbe9') in 0.037540 seconds 
